[    0.000000] Linux version 4.15.0-106-generic (buildd@lcy01-amd64-016) (gcc version 7.5.0 (Ubuntu 7.5.0-3ubuntu1~18.04)) #107-Ubuntu SMP Thu Jun 4 11:27:52 UTC 2020 (Ubuntu 4.15.0-106.107-generic 4.15.18)
[    0.000000] Command line: BOOT_IMAGE=/boot/vmlinuz-4.15.0-106-generic root=LABEL=cloudimg-rootfs ro console=tty1 console=ttyS0
[    0.000000] KERNEL supported cpus:
[    0.000000]   Intel GenuineIntel
[    0.000000]   AMD AuthenticAMD
[    0.000000]   Centaur CentaurHauls
[    0.000000] x86/fpu: Supporting XSAVE feature 0x001: 'x87 floating point registers'
[    0.000000] x86/fpu: Supporting XSAVE feature 0x002: 'SSE registers'
[    0.000000] x86/fpu: Supporting XSAVE feature 0x004: 'AVX registers'
[    0.000000] x86/fpu: xstate_offset[]:  576, xstate_sizes[2]:  256
[    0.000000] x86/fpu: Enabled xstate features 0x7, context size is 832 bytes, using 'standard' format.
[    0.000000] e820: BIOS-provided physical RAM map:
[    0.000000] BIOS-e820: [mem 0x0000000000000000-0x000000000009fbff] usable
[    0.000000] BIOS-e820: [mem 0x000000000009fc00-0x000000000009ffff] reserved
[    0.000000] BIOS-e820: [mem 0x00000000000f0000-0x00000000000fffff] reserved
[    0.000000] BIOS-e820: [mem 0x0000000000100000-0x00000007ffeffff] usable
[    0.000000]BIOS-e820: [mem 0x000000007fff0000-0x000000007fffffff] ACPI data
[    0.000000] BIOS-e820: [mem 0x00000000fec00000-0x00000000fec00fff] reserved
[    0.000000] BIOS-e820: [mem 0x00000000fee00000-0x00000000fee00fff] reserved
[    0.000000] BIOS-e820: [mem 0x00000000fffc0000-0x00000000ffffffff] reserved
[    0.000000] NX (Execute Disable) protection: active
[    0.000000] SMBIOS 2.5 present.
[    0.000000] DMI: innotek GmbH VirtualBox/VirtualBox, BIOS VirtualBox 12/01/2006
[   0.000000] Hypervisor detected: KVM
[    0.000000] e820: last_pfn = 0x7fff0 max_arch_pfn = 0x00000000
[    0.000000] MTRR: Disabled
[    0.000000] x86/PAT: MTRRs disabled, skipping PAT initialization too.
[    0.000000] CPU MTRRs all blank - virtualized system.
[    0.000000] x86/PAT: Configuration [0-7]: WB  WT  UC- UC  WB  WT  UC- UC  
[    0.000000] found SMP MP-table at [mem 0x0009fff0-0x0009ffff]
[    0.000000] Scanning 1 areas for low memory corruption
[    0.000000] RAMDISK: [mem 0x35a6b000-0x36d2cfff]
[    0.000000] ACPI: Early table checksum verification disabled
[    0.000000] ACPI: RSDP 0x00000000000E0000 000024 (v02 VBOX  )
[    0.000000] ACPI: XSDT 0x000000007FFF0030 00003C (v01 VBOX   VBOXXSDT 00000001 ASL  00000061)
[    0.000000] ACPI: FACP 0x000000007FFF00F0 0000F4 (v04 VBOX   VBOXFACP 00000001 ASL  00000061)
[    0.000000] ACPI: DSDT 0x000000007FFF0470 0021FF (v02 VBOX   VBOXBIOS 00000002 INTL 20180105)
[    0.000000] ACPI: FACS 0x000000007FFF0200 000040
[    0.000000] ACPI: FACS 0x000000007FFF0200 000040
[    0.000000] ACPI: APIC 0x000000007FFF0240 00005C (v02 VBOX   VBOXAPIC 00000001 ASL  00000061)
[    0.000000] ACPI: SSDT 0x000000007FFF02A0 0001CC (v01 VBOX   VBOXCPUT 00000002 INTL 20180105)
[    0.000000] No NUMA configuration found
[    0.000000] Faking a node at [mem 0x0000000000000000-0x000000007ffeffff]
[    0.000000] NODE_DATA(0) allocated [mem 0x7ffc5000-0x7ffeffff]
[    0.000000] kvm-clock: cpu 0, msr 0:7ff44001, primary cpu clock
[    0.000000] kvm-clock: Using msrs 4b564d01 and 4b564d00
[    0.000000] kvm-clock: using sched offset of 3886172232 cycles
[    0.000000] clocksource: kvm-clock: mask: 0xffffffffffffffff max_cycles: 0x1cd42e4dffb, max_idle_ns: 881590591483 ns
[    0.000000] Zone ranges:
[    0.000000]   DMA      [mem 0x0000000000001000-0x0000000000ffffff]
[    0.000000]   DMA32    [mem 0x0000000001000000-0x000000007ffeffff]
[    0.000000]   Normal   empty
[    0.000000]   Device   empty
[    0.000000] Movable zonestart for each node
[    0.000000] Early memory node ranges
[    0.000000]   node   0: [mem 0x0000000000001000-0x000000000009efff]
[    0.000000]   node   0: [mem 0x0000000000100000-0x000000007ffeffff]
[    0.000000] Reserved but unavailable: 98 pages
[    0.000000] Initmem setup node 0 [mem 0x0000000000001000-0x000000007ffeffff]
[    0.000000] ACPI: PM-Timer IO Port: 0x4008
[    0.000000] IOAPIC[0]: apic_id 2, version 32, address 0xfec00000, GSI 0-23
[    0.000000] ACPI: INT_SRC_OVR (bus 0 bus_irq 0 global_irq 2 dfl dfl)
[    0.000000] ACPI: INT_SRC_OVR (bus 0 bus_irq 9 global_irq 9 low level)
[    0.000000] Using ACPI (MADT) for SMP configuration information
[    0.000000] smpboot: Allowing 2 CPUs, 0 hotplug CPUs
[    0.000000] PM: Registered nosave memory: [mem 0x00000000-0x00000fff]
[    0.000000] PM: Registered nosave memory: [mem 0x0009f000-0x0009ffff]
[    0.000000] PM: Registered nosave memory: [mem 0x000a0000-0x000effff]
[    0.000000] PM: Registered nosave memory: [mem 0x000f0000-0x000fffff]
[    0.000000] e820: [mem 0x80000000-0xfebfffff] available for PCI devices
[    0.000000] Booting paravirtualized kernel on KVM
[    0.000000] clocksource: refined-jiffies: mask: 0xffffffff max_cycles: 0xffffffff, max_idle_ns: 7645519600211568 ns
[    0.000000] random: get_random_bytes called from start_kernel+0x99/0x4fd with crng_init=0
[    0.000000] setup_percpu: NR_CPUS:8192 nr_cpumask_bits:2 nr_cpu_ids:2 nr_node_ids:1
[    0.000000] percpu: Embedded 45 pages/cpu s147456 r8192 d28672 u1048576
[    0.000000] PV qspinlock hash table entries: 256 (order: 0, 4096 bytes)
[    0.000000] Built 1 zonelists, mobility grouping on.  Total pages: 515961
[    0.000000] Policy zone: DMA32
[    0.000000] Kernel command line: BOOT_IMAGE=/boot/vmlinuz-4.15.0-106-generic root=LABEL=cloudimg-rootfs ro console=tty1 console=ttyS0
[    0.000000] Memory: 2015236K/2096696K available (12300K kernel code, 2481K rwdata, 4272K rodata, 2436K init, 2720K bss, 81460K reserved, 0K cma-reserved)
[    0.000000] SLUB: HWalign=64, Order=0-3, MinObjects=0, CPUs=2, Nodes=1
[    0.000000] Kernel/User page tables isolation: enabled
[    0.000000] ftrace: allocating 39378 entries in 154 pages
[    0.004000] Hierarchical RCU implementation.
[    0.004000] 	RCU restricting CPUs from NR_CPUS=8192 to nr_cpu_ids=2.
[    0.004000] 	Tasks RCU enabled.
[    0.004000] RCU: Adjusting geometry for rcu_fanout_leaf=16, nr_cpu_ids=2
[    0.004000] NR_IRQS: 524544, nr_irqs: 440, preallocated irqs: 16
[    0.004000] Console: colour VGA+ 80x25
[    0.004000] console [tty1] enabled
[    0.004000] console [ttyS0] enabled
[    0.004000] ACPI: Core revision 20170831
[    0.004000] ACPI: 2 ACPI AML tables successfully acquired and loaded
[    0.004000] APIC: Switch to symmetric I/O mode setup
[    0.004000] x2apic enabled
[    0.004000] Switched APIC routing to physical x2apic.
[    0.004000] ..TIMER: vector=0x30 apic1=0 pin1=2 apic2=-1 pin2=-1
[    0.04005] tsc: Detected 2194.916 MHz processor
[    0.008013] Calibrating delay loop (skipped) preset value.. 4389.83 BogoMIPS (lpj=8779664)
[    0.012003] pid_max: default: 32768 minimum: 301
[    0.013069] Security Framework initialized
[    0.014018] Yama: becoming mindful.
[    0.014888] AppArmor: AppArmor initialized
[    0.016000] Dentry cache hash table entries: 262144 (order: 9, 2097152 bytes)
[    0.016978] Inode-cache hash table entries: 131072 (order: 8, 1048576 bytes)
[    0.018585] Mount-cache hash table entries: 4096 (order: 3, 32768 bytes)
[    0.020009] Mountpoint-cache hash table entries: 4096 (order: 3, 32768 bytes)
[    0.028171] Last level iTLB entries: 4KB 64, 2MB 8, 4MB 8
[    0.029335] Last level dTLB entries: 4KB 64, 2MB 0, 4MB 0, 1GB 4
[    0.030594] Spectre V1 : Mitigation: usercopy/swapgs barriers and __user pointer sanitization
[    0.032004] Spectre V2 : Mitigation: Full generic retpoline
[    0.033186] Spectre V2 : Spectre v2 / SpectreRSB mitigation: Filling RSB on context switch
[    0.034977] Speculative Store Bypass: Vulnerable
[    0.036067] SRBDS: Unknown: Dependent on hypervisor status
[    0.037232] MDS: Mitigation: Clear CPU buffers
[    0.038378] Freeing SMP alternatives memory: 36K
[    0.150426] smpboot: CPU0: Intel(R) Core(TM) i5-5200U CPU @ 2.20GHz (family: 0x6, model: 0x3d, stepping: 0x4)
[    0.152100] Performance Events: unsupported p6 CPU model 61 no PMU driver, software events only.
[    0.156076] Hierarchical SRCU implementation.
[    0.160824] NMI watchdog: Perf event create on CPU 0 failed with -2
[    0.164007] NMI watchdog: Perf NMI watchdog permanently disabled
[    0.168095] smp: Bringing up secondary CPUs ...
[    0.169262] x86: Booting SMP configuration:
[    0.172003] .... node  #0, CPUs:      #1
[    0.004000] kvm-clock: cpu 1, msr 0:7ff44041, secondary cpu clock
[    0.176024] smp: Brought up 1 node, 2 CPUs
[    0.176999] smpboot: Max logical packages: 1
[    0.180009] smpboot: Total of 2 processors activated (8779.66 BogoMIPS)
[    0.181660] devtmpfs: initialized
[    0.181660] x86/mm: Memory block size: 128MB
[    0.184229] evm: security.selinux
[    0.185006] evm: security.SMACK64
[    0.188004] evm: security.SMACK64EXEC
[    0.188831] evm: security.SMACK64TRANSMUTE
[    0.192007] evm: security.SMACK64MMAP
[    0.196007] evm: security.apparmor
[    0.196816] evm: security.ima
[    0.197494] evm: security.capability
[    0.200139] clocksource: jiffies: mask: 0xffffffff max_cycles: 0xffffffff, max_idle_ns: 7645041785100000 ns
[    0.202217] futex hash table entries: 512 (order: 3, 32768 bytes)
[    0.203592] pinctrl core: initialized pinctrl subsystem
[    0.204137] RTC time: 10:24:10, date: 06/17/20
[    0.205315] NET: Registered protocol family 16
[    0.208088] audit: initializing netlink subsys (disabled)
[    0.209346] audit: type=2000 audit(1592389455.006:1): state=initialized audit_enabled=0 res=1
[    0.256040] cpuidle: using governor ladder
[    0.260009] cpuidle: using governor menu
[    0.264060] ACPI: bus type PCI registered
[    0.265047] acpiphp: ACPI Hot Plug PCI Controller Driver version: 0.5
[    0.266549] PCI: Using configuration type 1 for base access
[    0.272079] HugeTLB registered 2.00 MiB page size, pre-allocated 0 pages
[    0.276103] ACPI: Added _OSI(Module Device)
[    0.277117] ACPI: Added _OSI(Processor Device)
[    0.278144] ACPI: Added _OSI(3.0 _SCP Extensions)
[    0.280012] ACPI: Added _OSI(Processor Aggregator Device)
[    0.284023] ACPI: Added _OSI(Linux-Dell-Video)
[    0.288006] ACPI: Added _OSI(Linux-Lenovo-NV-HDMI-Audio)
[    0.292003] ACPI: Added _OSI(Linux-HPI-Hybrid-Graphics)
[    0.296315] ACPI: Executed 1 blocks of module-level executable AML code
[    0.305864] ACPI: Interpreter enabled
[    0.308030] ACPI: (supports S0 S5)
[    0.308794] ACPI: Using IOAPIC for interrupt routing
[    0.310207] PCI: Using host bridge windows from ACPI; if necessary, use "pci=nocrs" and report a bug
[    0.312234] ACPI: Enabled 2 GPEs in block 00 to 07
[    0.320122] ACPI: PCI Root Bridge [PCI0] (domain 0000 [bus 00-ff])
[    0.324021] acpi PNP0A03:00: _OSC: OS supports [ASPM ClockPM Segments MSI]
[    0.328108] acpi PNP0A03:00: _OSC: not requesting OS control; OS requires [ExtendedConfig ASPM ClockPM MSI]
[    0.332028] acpi PNP0A03:00: fail to add MMCONFIG information, can't access extended PCI configuration space under this bridge.
[    0.336102] PCI host bridge to bus 0000:00
[    0.340011] pci_bus 0000:00: root bus resource [io  0x0000-0x0cf7 window]
[    0.341185] pci_bus 0000:00: root bus resource [io  0x0d00-0xffff window]
[    0.344009] pci_bus 0000:00: root bus resource [mem 0x000a0000-0x000bffff window]
[    0.348006] pci_bus 0000:00: root bus resource [mem 0x80000000-0xfdffffff window]
[    0.352005] pci_bus 0000:00: root bus resource [bus 00-ff]
[    0.355090] pci 0000:00:01.1: legacy IDE quirk: reg 0x10: [io  0x01f0-0x01f7]
[    0.356004] pci 0000:00:01.1: legacy IDE quirk: reg 0x14: [io  0x03f6]
[    0.357431] pci 0000:00:01.1: legacy IDE quirk: reg 0x18: [io  0x0170-0x0177]
[    0.360003] pci 0000:00:01.1: legacy IDE quirk: reg 0x1c: [io  0x0376]
[    0.413261] pci 0000:00:07.0: quirk: [io  0x4000-0x403f] claimed by PIIX4 ACPI
[    0.415419] pci 0000:00:07.0: quirk: [io  0x4100-0x410f] claimed by PIIX4 SMB
[    0.465661] ACPI: PCI Interrupt Link [LNKA] (IRQs 5 9 10 *11)
[    0.468552] ACPI: PCI Interrupt Link [LNKB] (IRQs 5 9 *10 11)
[    0.472243] ACPI: PCI Interrupt Link [LNKC] (IRQs 5 *9 10 11)
[    0.476119] ACPI: PCI Interrupt Link [LNKD] (IRQs 5 9 10 *11)
[    0.478951] SCSI subsystem initialized
[    0.480065] pci 0000:00:02.0: vgaarb: setting as boot VGA device
[    0.484000] pci 0000:00:02.0: vgaarb: VGA device added: decodes=io+mem,owns=io+mem,locks=none
[    0.484014] pci 0000:00:02.0: vgaarb: bridge control possible
[    0.486268] vgaarb: loaded
[    0.488074] ACPI: bus type USB registered
[    0.492047] usbcore: registered new interface driver usbfs
[    0.494090] usbcore: registered new interface driver hub
[    0.496075] usbcore: registered new device driver usb
[    0.500103] EDAC MC: Ver: 3.0.0
[    0.504280] PCI: Using ACPI for IRQ routing
[    0.505405] NetLabel: Initializing
[    0.506217] NetLabel:  domain hash size = 128
[    0.507222] NetLabel:  protocols = UNLABELED CIPSOv4 CALIPSO
[    0.508029] NetLabel:  unlabeled traffic allowed by default
[    0.509373] clocksource: Switched to clocksource kvm-clock
[    0.522273] VFS: Disk quotas dquot_6.6.0
[    0.523286] VFS: Dquot-cache hash table entries: 512 (order 0, 4096 bytes)
[    0.524925] AppArmor: AppArmor Filesystem Enabled
[    0.531728] pnp: PnP ACPI init
[    0.533673] pnp: PnP ACPI: found 3 devices
[    0.544186] clocksource: acpi_pm: mask:0xfffff mx_yces 0xfffff, max_idle_ns: 2085701024 ns
[    0.740921] NET: Registered protocol family 2
[    0.742374] TCP established hash table entries: 16384 (order: 5, 131072 bytes)
[    0.743976] TCP bind hash table entries: 16384 (order: 6, 262144 bytes)
[    0.745529] TCP: Hash tables configured (established 16384 bind 16384)
[    0.747875] UDP hash table entries: 1024 (order: 3, 32768 bytes)
[    0.749234] UDP-Lite hash table entries: 1024 (order: 3, 32768 bytes)
[   .70723 NT: Registered protocol family 1
[    0.877646] pci 0000:00:00.0: Limiting direct PCI/PCI transfers
[    0.878715] pci 0000:00:01.0: Activating ISA DMA hanworkaouds
[   1.0047] pc 0000:00:02.0: Vio device with shadowed ROM at [mem 0x000c0000-0x000dffff]
[    1.174449] Unpacking initramfs...
[   1.504981] Freeing initrd mmory: 19208K
[    1.562013] clocksource: tsc: mask:0xffffffffffffffff max_cycles: 0x1fa3704c1a9, max_idle_ns: 440795296692 ns
[    1.591340] platform rtc_cmos: registered platform RTC device (no PNP device found)
[    1.5977] Scanning for low mmoy corruption every 60 seconds

[    1.694578] Initialise system trusted keyrings
[    1.698026] Key type blacklist registered
[    1.700364] workingset: timestamp_bits=36 max_order=19 bucket_order=0
[    1.702842] zbud: loaded
[    1.704204] squashfs: version 4.0 (2009/01/31) Phillip Lougher
[    1.705849] fuse init (API version 7.26)
[    1.709604] Key type asymmetric registered
[    1.710612] Asymmetric key parser 'x509' registered
[    1.713182] Block layer SCSI generic (bsg) driver version 0.4 loaded (major 246)
[    1.714943] io scheduler noop registered
[    1.715822] io scheduler deadline registered
[    1.722117] io scheduler cfq registered (default)
[    1.723499] ACPI: AC Adapter [AC] (on-line)
[    1.724586] input: Power Button as /devices/LNXSYSTM:00/LNXPWRBN:00/input/input0
[    1.726330] ACPI: Power Button [PWRF]
[    1.727230] input: Sleep Button as /devices/LNXSYSTM:00/LNXSLPBN:00/input/input1
[    1.728940] ACPI: Sleep Button [SLPF]
[    1.730889] ACPI: Battery Slot [BAT0] (battery present)
[    1.732233] Serial: 8250/16550 driver, 32 ports, IRQ sharing enabled
[    1.755834] 00:02: ttyS0 at I/O 0x3f8 (irq = 4, base_baud = 115200) is a 16550A
[    1.819871] Linux agpgart interface v0.103
[    1.823164] loop: module loaded
[    1.824851] scsi host0: ata_piix
[    1.825978] scsi host1: ata_piix
[    1.840314] ata1: PATA max UDMA/33 cmd 0x1f0 ctl 0x3f6 bmdma 0xd000 irq 14
[    1.843250] ata2: PATA max UDMA/33 cmd 0x170 ctl 0x376 bmdma 0xd008 irq 15
[    1.846958] libphy: Fixed MDIO Bus: probed
[    1.847917] tun: Universal TUN/TAP device driver, 1.6
[    1.849145] PPP generic driver version 2.4.2
[    1.850195] ehci_hcd: USB 2.0 'Enhanced' Host Controller (EHCI) Driver
[    1.851647] ehci-pci: EHCI PCI platform driver
[    1.852682] ehci-platform: EHCI generic platform driver
[    1.853853] ohci_hcd: USB 1.1 'Open' Host Controller (OHCI) Driver
[    1.855205] ohci-pci: OHCI PCI platform driver
[    1.856319] ohci-platform: OHCI generic platform driver
[    1.857528] uhci_hcd: USB Universal Host Controller Interface driver
[    1.858938] i8042: PNP: PS/2 Controller [PNP0303:PS2K,PNP0f03:PS2M] at 0x60,0x64 irq 1,12
[    1.861348] serio: i8042 KBD port at 0x60,0x64 irq 1
[    1.862497] serio: i8042 AUX port at 0x60,0x64 irq 12
[    1.863727] mousedev: PS/2 mouse device common for all mice
[    1.865245] input: AT Translated Set 2 keyboard as /devices/platform/i8042/serio0/input/input2
[    1.867640] rtc_cmos rtc_cmos: rtc core: registered rtc_cmos as rtc0
[    1.869108] rtc_cmos rtc_cmos: alarms up to one day, 114 bytes nvram
[    1.870687] i2c /dev entries driver
[    1.880448] device-mapper: uevent: version 1.0.3
[    1.881602] device-mapper: ioctl: 4.37.0-ioctl (2017-09-20) initialised: dm-devel@redhat.com
[    1.895535] ledtrig-cpu: registered to indicate activity on CPUs
[    1.897587] NET: Registered protocol family 10
[    1.903142] Segment Routing with IPv6
[    1.904183] NET: Registered protocol family 17
[    1.905353] Key type dns_resolver registered
[    1.906563] mce: Using 0 MCE banks
[    1.907429] RAS: Correctable Errors collector initialized.
[    1.908777] sched_clock: Marking stable (1908727537, 0)->(3272851672, -1364124135)
[    1.966104] registered taskstats version 1
[    1.973257] Loading compiled-in X.509 certificates
[    1.977023] Loaded X.509 cert 'Build time autogenerated kernel key: b1772ce3e036cbf6bf2b7e9ed9be0f8806d61091'
[    1.979195] zswap: loaded using pool lzo/zbud
[    1.984340] Key type big_key registered
[    1.985369] Key type trusted registered
[    1.988360] Key type encrypted registered
[    1.989439] AppArmor: AppArmor sha1 policy hashing enabled
[    1.990734] ima: No TPM chip found, activating TPM-bypass! (rc=-19)
[    1.993732] ima: Allocated hash algorithm: sha1
[    1.994974] evm: HMAC attrs: 0x1
[    1.996281]   Magic number: 8:710:426
[    1.997443] rtc_cmos rtc_cmos: setting system clock to 2020-06-17 10:24:12 UTC (1592389452)
[    1.999818] BIOS EDD facility v0.16 2004-Jun-25, 0 devices found
[    2.001529] EDD information not available.
[    2.011097] Freeing unused kernel image memory: 2436K
[    2.024145] Write protecting the kernel read-only data: 20480k
[    2.027732] Freeing unused kernel image memory: 2008K
[    2.030914] Freeing unused kernel image memory: 1872K
[    2.042354] x86/mm: Checked W+X mappings: passed, no W+X pages found.
[    2.043789] x86/mm: Checking user space page tables
[    2.051786] x86/mm: Checked W+X mappings: passed, no W+X pages found.
Loading, please wait...
starting version 237
[    2.139310] e1000: Intel(R) PRO/1000 Network Driver - version 7.3.21-k8-NAPI
[    2.144822] e1000: Copyright (c) 1999-2006 Intel Corporation.
[    2.165686] Fusion MPT base driver 3.04.20
[    2.166800] Copyright (c) 1999-2008 LSI Corporation
[    2.169345] AVX2 version of gcm_enc/dec engaged.
[    2.170269] AES CTR mode by8 optimization enabled
[    2.174135] Fusion MPT SPI Host driver 3.04.20
[    2.373796] input: ImExPS/2 Generic Explorer Mouse as /devices/platform/i8042/serio1/input/input4
[    2.566380] e1000 0000:00:03.0 eth0: (PCI:33MHz:32-bit) 02:08:97:ad:f6:aa
[    2.580823] e1000 0000:00:03.0 eth0: Intel(R) PRO/1000 Network Connection
[    2.588017] mptbase: ioc0: Initiating bringup
[    2.688401] ioc0: LSI53C1030 A0: Capabilities={Initiator}
[    2.945685] scsi host2: ioc0: LSI53C1030 A0, FwRev=00000000h, Ports=1, MaxQ=256, IRQ=20
[    3.253035] scsi 2:0:0:0: Direct-Access     VBOX     HARDDISK         1.0  PQ: 0 ANSI: 5
[    3.332174] scsi target2:0:0: Beginning Domain Validation
[    3.513517] scsi target2:0:0: Domain Validation skipping write tests
[    3.515085] scsi target2:0:0: Ending Domain Validation
[    3.516414] scsi target2:0:0: asynchronous
[    3.517942] scsi 2:0:1:0: Direct-Access     VBOX     HARDDISK         1.0  PQ: 0 ANSI: 5
[    3.829470] scsi target2:0:1: Beginning Domain Validation
[    3.836235] random: fast init done
[    3.837649] scsi target2:0:1: Domain Validation skipping write tests
[    3.839418] scsi target2:0:1: Ending Domain Validation
[    3.851921] scsi target2:0:1: asynchronous
[    3.862079] e1000 0000:00:08.0 eth1: (PCI:33MHz:32-bit) 08:00:27:83:16:df
[    3.865425] random: systemd-udevd: uninitialized urandom read (16 bytes read)
[    3.866896] e1000 0000:00:08.0 eth1: Intel(R) PRO/1000 Network Connection
[    3.868551] random: systemd-udevd: uninitialized urandom read (16 bytes read)
[    3.871930] random: systemd-udevd: uninitialized urandom read (16 bytes read)
[    3.928414] sd 2:0:0:0: [sda] 20971520 512-byte logical blocks: (10.7 GB/10.0 GiB)
[    3.930541] sd 2:0:0:0: [sda] Write Protect is off
[    3.948000] sd 2:0:0:0: Attached scsi generic sg0 type 0
[    3.949786] sd 2:0:1:0: [sdb] 20480 512-byte logical blocks: (10.5 MB/10.0 MiB)
[    3.958119] sd 2:0:1:0: Attached scsi generic sg1 type 0
[    3.969808] sd 2:0:1:0: [sdb] Write Protect is off
[    3.972697] sd 2:0:1:0: [sdb] Incomplete mode parameter data
[    3.974078] sd 2:0:1:0: [sdb] Assuming drive cache: write through
[    3.978767] sd 2:0:0:0: [sda] Incomplete mode parameter data
[    3.980186] sd 2:0:0:0: [sda] Assuming drive cache: write through
[    4.007961]  sda: sda1
[    4.012092] sd 2:0:1:0: [sdb] Attached SCSI disk
[    4.015528] sd 2:0:0:0: [sda] Attached SCSI disk
[    4.265562] e1000 0000:00:09.0 eth2: (PCI:33MHz:32-bit) 08:00:27:49:f7:c6
[    4.267615] e1000 0000:00:09.0 eth2: Intel(R) PRO/1000 Network Connection
[    4.270671] e1000 0000:00:09.0 enp0s9: renamed from eth2
[    4.284643] e1000 0000:00:03.0 enp0s3: renamed from eth0
[    4.312336] e1000 0000:00:08.0 enp0s8: renamed from eth1
Begin: Loading essential drivers ... [    5.832045] raid6: sse2x1   gen()  8809 MB/s
[    5.912042] raid6: sse2x1   xor()  6021 MB/s
[    5.960068] raid6: sse2x2   gen()  8272 MB/s
[    6.012089] raid6: sse2x2   xor()  5121 MB/s
[    6.060075] raid6: sse2x4   gen() 12190 MB/s
[    6.116048] raid6: sse2x4   xor()  7449 MB/s
[    6.214317] raid6: avx2x1   gen() 16660 MB/s
[    6.268042] raid6: avx2x1   xor() 11311 MB/s
[    6.316061] raid6: avx2x2   gen() 19917 MB/s
[    6.376104] raid6: avx2x2   xor()  8689 MB/s
[    6.424055] raid6: avx2x4   gen() 19047 MB/s
[    6.476072] raid6: avx2x4   xor() 14457 MB/s
[    6.493753] raid6: using algorithm avx2x2 gen() 19917 MB/s
[    6.530384] raid6: .... xor() 8689 MB/s, rmw enabled
[    6.531267] raid6: using avx2x2 recovery algorithm
[    6.533757] xor: automatically using best checksumming function   avx       
[    6.582020] async_tx: api initialized (async)
done.
Begin: Running /scripts/init-premount ... done.
Begin: Mounting root file system ... Begin: Running /scripts/local-top ... done.
Begin: Running /scripts/local-premount ... [    6.637918] Btrfs loaded, crc32c=crc32c-intel
Scanning for Btrfs filesystems
done.
Warning: fsck not present, so skipping root file system
[    7.428393] EXT4-fs (sda1): mounted filesystem with ordered data mode. Opts: (null)
done.
Begin: Running /scripts/local-bottom ... done.
Begin: Running /scripts/init-bottom ... done.
[    8.848309] ip_tables: (C) 2000-2006 Netfilter Core Team
[    9.034941] systemd[1]: systemd 237 running in system mode. (+PAM +AUDIT +SELINUX +IMA +APPARMOR +SMACK +SYSVINIT +UTMP +LIBCRYPTSETUP +GCRYPT +GNUTLS +ACL +XZ +LZ4 +SECCOMP +BLKID +ELFUTILS +KMOD -IDN2 +IDN -PCRE2 default-hierarchy=hybrid)
[    9.144488] systemd[1]: Detected virtualization oracle.
[    9.161678] systemd[1]: Detected architecture x86-64.

Welcome to [1mUbuntu 18.04.4 LTS[0m!

[    9.225513] random: crng init done
[    9.240741] random: 7 urandom warning(s) missed due to ratelimiting
[    9.251092] systemd[1]: Set hostname to <ubuntu>.
[    9.320993] systemd[1]: Initializing machine ID from random generator.
[    9.322491] systemd[1]: Installed transient /etc/machine-id file.
[   11.033980] systemd[1]: Set up automount Arbitrary Executable File Formats File System Automount Point.
[[0;32m  OK  [0m] Set up automount Arbitrary Executab…rmats File System Automount Point.
[   11.113632] systemd[1]: Reached target System Time Synchronized.
[[0;32m  OK  [0m] Reached target System Time Synchronized.
[   11.116356] systemd[1]: Reached target User and Group Name Lookups.
[[0;32m  OK  [0m] Reached target User and Group Name Lookups.
[   11.130180] systemd[1]: Started Forward Password Requests to Wall Directory Watch.
[[0;32m  OK  [0m] Started Forward Password Requests to Wall Directory Watch.
[[0;32m  OK  [0m] Reached target Swap.
[[0;32m  OK  [0m] Created slice User and Session Slice.
[[0;32m  OK  [0m] Created slice System Slice.
[[0;32m  OK  [0m] Listening on Journal Socket (/dev/log).
[[0;32m  OK  [0m] Listening on udev Kernel Socket.
[[0;32m  OK  [0m] Listening on Device-mapper event daemon FIFOs.
[[0;32m  OK  [0m] Listening on Network Service Netlink Socket.
[[0;32m  OK  [0m] Listening on Syslog Socket.
[[0;32m  OK  [0m] Listening on LVM2 poll daemon socket.
[[0;32m  OK  [0m] Listening on /dev/initctl Compatibility Named Pipe.
[[0;32m  OK  [0m] Listening on LVM2 metadata daemon socket.
[[0;32m  OK  [0m] Listening on udev Control Socket.
[[0;32m  OK  [0m] Listening on Journal Socket.
         Mounting Kernel Debug File System...
         Starting Monitoring of LVM2 mirrors…ng dmeventd or progress polling...
         Starting Uncomplicated firewall...
         Starting Remount Root and Kernel File Systems...
         Starting udev Coldplug all Devices...
         Starting Set the console keyboard layout...
         Mounting POSIX Message Queue File System...
         Starting Create list of required st…ce nodes for the current kernel...
         Starting Load Kernel Modules...
         Mounting Huge Pages File System...
[[0;32m  OK  [0m] Listening on Journal Audit Socket.
         Starting Journal Service...
[[0;32m  OK  [0m] Reached target Slices.
[[0;32m  OK  [0m] Created slice system-serial\x2dgetty.slice.
[[0;32m  OK  [0m] Mounted Kernel Debug File System.
[[0;32m  OK  [0m] Started Uncomplicated firewal[   11.409965] EXT4-fs (sda1): re-mounted. Opts: (null)
l.
[[0;32m  OK  [0m] Started Remount Root and Kernel File Systems.
[[0;32m  OK  [0m] Mounted POSIX Message Queue File System.
[[0;32m  OK  [0m] Started Create list of required sta…vice nodes for the current kernel.
[[0;32m  OK  [0m] Mounted Huge Pages File System.
         Starting Create Static Device Nodes in /dev...
         Starting Load/Save Random Seed...
[[0;32m  OK  [0m] Started Journal Service.
[[0;32m  OK  [0m] Started udev Coldplug all Dev[   11.750084] Loading iSCSI transport class v2.0-870.
ices.
[[0;32m  OK  [0m] Started Load/Save Random Seed.
         Starting Flush Journal to Persistent Storage...
[[0;32m  OK  [0m] Started Set the console keyboard layout.
[   12.029615] iscsi: registered transport (tcp)
[   12.097951] systemd-journald[396]: Received request to flush runtime journal from PID 1
[[0;32m  OK  [0m] Started Create Static Device Nodes in /dev.
         Starting udev Kernel Device Manager...
[[0;32m  OK  [0m] Started LVM2 metadata daemon.
[[0;32m  OK  [0m] Started Flush Journal to Persistent Storage.
[   12.512810] iscsi: registered transport (iser)
[[0;32m  OK  [0m] Started Load Kernel Modules.
         Mounting Kernel Configuration File System...
         Mounting FUSE Control File System...
         Starting Apply Kernel Variables...
[[0;32m  OK  [0m] Mounted Kernel Configuration File System.
[[0;32m  OK  [0m] Mounted FUSE Control File System.
[[0;32m  OK  [0m] Started Monitoring of LVM2 mirrors,…sing dmeventd or progress polling.
[[0;32m  OK  [0m] Reached target Local File Systems (Pre).
[[0;32m  OK  [0m] Reached target Local File Systems.
         Starting Create Volatile Files and Directories...
         Starting Set console font and keymap...
         Starting ebtables ruleset management...
         Starting AppArmor initialization...
         Starting Commit a transient machine-id on disk...
         Starting Tell Plymouth To Write Out Runtime Data...
[[0;32m  OK  [0m] Started Apply Kernel Variables.
[[0;32m  OK  [0m] Started Set console font and keymap.
[[0;32m  OK  [0m] Started Tell Plymouth To Write Out Runtime Data.
[[0;32m  OK  [0m] Started udev Kernel Device Manager.
[[0;32m  OK  [0m] Started Dispatch Password Requests to Console Directory Watch.
[[0;32m  OK  [0m] Reached target Local Encrypted Volumes.
[[0;32m  OK  [0m] Started Create Volatile Files and Directories.
[[0;32m  OK  [0m] Started Commit a transient machine-id on disk.
         Starting Update UTMP about System Boot/Shutdown...
[[0;32m  OK  [0m] Started Update UTMP about System Boot/Shutdown.
[[0;32m  OK  [0m] Started ebtables ruleset management.
[[0;32m  OK  [0m] Found device /dev/ttyS0.
[[0;32m  OK  [0m] Listening on Load/Save RF Kill Switch Status /dev/rfkill Watch.
[[0;32m  OK  [0m] Started AppArmor initialization.
         Starting Initial cloud-init job (pre-networking)...
[   20.031865] cloud-init[544]: Cloud-init v. 19.4-33-gbb4131a2-0ubuntu1~18.04.1 running 'init-local' at Wed, 17 Jun 2020 10:24:29 +0000. Up 19.35 seconds.
[[0;32m  OK  [0m] Started Initial cloud-init job (pre-networking).
[[0;32m  OK  [0m] Reached target Network (Pre).
         Starting Network Service...
[[0;32m  OK  [0m] Started Network Service.
         Starting Wait for Network to be Configured...
         Starting Network Name Resolution...
[[0;32m  OK  [0m] Started Network Name Resolution.
[[0;32m  OK  [0m] Reached target Network.
[[0;32m  OK  [0m] Reached target Host and Network Name Lookups.
[[0;32m  OK  [0m] Started Wait for Network to be Configured.
         Starting Initial cloud-init job (metadata service crawler)...
[   22.608844] cloud-init[667]: Cloud-init v. 19.4-33-gbb4131a2-0ubuntu1~18.04.1 running 'init' at Wed, 17 Jun 2020 10:24:32 +0000. Up 22.33 seconds.
[   22.624387] cloud-init[667]: ci-info: ++++++++++++++++++++++++++++++++++++++Net device info++++++++++++++++++++++++++++++++++++++
[   22.628877] cloud-init[667]: ci-info: +--------+-------+---------------------------+---------------+--------+-------------------+
[   22.642530] cloud-init[667]: ci-info: | Device |   Up  |          Address          |      Mask     | Scope  |     Hw-Address    |
[   22.645226] cloud-init[667]: ci-info: +--------+-------+---------------------------+---------------+--------+-------------------+
[   22.647545] cloud-init[667]: ci-info: | enp0s3 |  True |         10.0.2.15         | 255.255.255.0 | global | 02:08:97:ad:f6:aa |
[   22.670372] cloud-init[667]: ci-info: | enp0s3 |  True | fe80::8:97ff:fead:f6aa/64 |       .       |  link  | 02:08:97:ad:f6:aa |
[   22.679730] cloud-init[667]: ci-info: | enp0s8 | False |             .             |       .       |   .    | 08:00:27:83:16:df |
[   22.700444] cloud-init[667]: ci-info: | enp0s9 | False |             .             |       .       |   .    | 08:00:27:49:f7:c6 |
[   22.720874] cloud-init[667]: ci-info: |   lo   |  True |         127.0.0.1         |   255.0.0.0   |  host  |         .         |
[   22.748233] cloud-init[667]: ci-info: |   lo   |  True |          ::1/128          |       .       |  host  |         .         |
[   22.752966] cloud-init[667]: ci-info: +--------+-------+---------------------------+---------------+--------+-------------------+
[   22.773379] cloud-init[667]: ci-info: ++++++++++++++++++++++++++++Route IPv4 info+++++++++++++++++++++++++++++
[   22.807627] cloud-init[667]: ci-info: +-------+-------------+----------+-----------------+-----------+-------+
[   22.809296] cloud-init[667]: ci-info: | Route | Destination | Gateway  |     Genmask     | Interface | Flags |
[   22.846752] cloud-init[667]: ci-info: +-------+-------------+----------+-----------------+-----------+-------+
[   22.849956] cloud-init[667]: ci-info: |   0   |   0.0.0.0   | 10.0.2.2 |     0.0.0.0     |   enp0s3  |   UG  |
[   22.856988] cloud-init[667]: ci-info: |   1   |   10.0.2.0  | 0.0.0.0  |  255.255.255.0  |   enp0s3  |   U   |
[   22.873969] cloud-init[667]: ci-info: |   2   |   10.0.2.2  | 0.0.0.0  | 255.255.255.255 |   enp0s3  |   UH  |
[   22.875606] cloud-init[667]: ci-info: +-------+-------------+----------+-----------------+-----------+-------+
[   22.904343] cloud-init[667]: ci-info: +++++++++++++++++++Route IPv6 info+++++++++++++++++++
[   22.958539] cloud-init[667]: ci-info: +-------+-------------+---------+-----------+-------+
[   22.964450] cloud-init[667]: ci-info: | Route | Destination | Gateway | Interface | Flags |
[   22.985975] cloud-init[667]: ci-info: +-------+-------------+---------+-----------+-------+
[   22.987950] cloud-init[667]: ci-info: |   1   |  fe80::/64  |    ::   |   enp0s3  |   U   |
[   22.989606] cloud-init[667]: ci-info: |   3   |    local    |    ::   |   enp0s3  |   U   |
[   23.001872] cloud-init[667]: ci-info: |   4   |   ff00::/8  |    ::   |   enp0s3  |   U   |
[   23.005235] cloud-init[667]: ci-info: +-------+-------------+---------+-----------+-------+
[   24.562011] cloud-init[667]: Generating public/private rsa key pair.
[   24.564245] cloud-init[667]: Your identification has been saved in /etc/ssh/ssh_host_rsa_key.
[   24.566757] cloud-init[667]: Your public key has been saved in /etc/ssh/ssh_host_rsa_key.pub.
[   24.590827] cloud-init[667]: The key fingerprint is:
[   24.598521] cloud-init[667]: SHA256:WB28pJcpx0aa7ZvXVQxNo/Akkn1k7jpONOO2t/y5dNY root@ubuntu-bionic
[   24.612485] cloud-init[667]: The key's randomart image is:
[   24.613790] cloud-init[667]: +---[RSA 2048]----+
[   24.614761] cloud-init[667]: |         o+o.+ +.|
[   24.615774] cloud-init[667]: |         o=oB.o o|
[   24.616725] cloud-init[667]: |        .O.+.+ o |
[   24.617796] cloud-init[667]: |       o= X .   o|
[[   24.660599] cloud-init[667]: |      . S* + .  .|
[   24.661829] cloud-init[667]: |          + +   o|
[   24.663065] cloud-init[667]: |           O . oE|
[0;32m  OK  [0m] Started Initial cloud-init job (metadata service crawler).
[   24.664855] cloud-init[667]: |          * =.o.o|
[   24.674142] cloud-init[667]: |           +.oo+.|
[   24.675393] cloud-init[667]: +----[SHA256]-----+
[[   24.676636] cloud-init[667]: Generating public/private dsa key pair.
[   24.676893] cloud-init[667]: Your identification has been saved in /etc/ssh/ssh_host_dsa_key.
[0;32m  OK  [0m] Reached target Cloud-config availability.
[[   24.677790] cloud-init[667]: Your public key has been saved in /etc/ssh/ssh_host_dsa_key.pub.
[   24.711297] cloud-init[667]: The key fingerprint is:
[   24.711597] cloud-init[667]: SHA256:7an2oSV1cCpJM3JeJK2I3ZB2u4OzDviKFgN7Owqzi9c root@ubuntu-bionic
[   24.712068] cloud-init[667]: The key's randomart image is:
[   24.713383] cloud-init[667]: +---[DSA 1024]----+
[   24.713769] cloud-init[667]: |       ....      |
[0;32m  OK  [0m] Reached target Network is Online.
[   24.715569] cloud-init[667]: |      + .o.      |
[   24.773395] cloud-init[667]: |     +.==oo .    |
[[   24.796525] cloud-init[667]: |.   . o=+* +     |
[   24.797575] cloud-init[667]: |..     .S.+ .    |
[   24.798406] cloud-init[667]: |.o..  o o+ o     |
[   24.799255] cloud-init[667]: |o.+o.  o..=      |
[   24.800279] cloud-init[667]: |o=+.E.. .= .     |
[   24.800724] cloud-init[667]: |B+.o....o..      |
[   24.801953] cloud-init[667]: +----[SHA256]-----+
[   24.802225] cloud-init[667]: Generating public/private ecdsa key pair.
[   24.802538] cloud-init[667]: Your identification has been saved in /etc/ssh/ssh_host_ecdsa_key.
[   24.802850] cloud-init[667]: Your public key has been saved in /etc/ssh/ssh_host_ecdsa_key.pub.
[   24.803172] cloud-init[667]: The key fingerprint is:
[   24.803471] cloud-init[667]: SHA256:dCEODbqjh/B3nUS67mqgi+T0HSFJBmKxGEg+i1pzQrs root@ubuntu-bionic
[   24.803787] cloud-init[667]: The key's randomart image is:
[0;32m  OK  [0m] Reached target Remote File Systems (Pre).
[[   24.804161] cloud-init[667]: +---[ECDSA 256]---+
[   24.872829] cloud-init[667]: |==.   oo. .      |
[   24.873200] cloud-init[667]: |*.o  . o.. .     |
[   24.873654] cloud-init[667]: |.+.o.   + .      |
[   24.874097] cloud-init[667]: |..=... + .       |
[   24.875640] cloud-init[667]: |o.=o+.. S        |
[   24.877485] cloud-init[667]: |.+.B...+ .       |
[   24.878922] cloud-init[667]: |.+E.o.o o        |
[   24.881237] cloud-init[667]: |* .ooo.          |
[0;32m  OK  [0m] Reached target Remote File Systems.
[   24.881586] cloud-init[667]: |oo o.+o          |
[   24.894529] cloud-init[667]: +----[SHA256]-----+
[   24.895540] cloud-init[667]: Generating public/private ed25519 key pair.
[   24.897196] cloud-init[667]: Your identification has been saved in /etc/ssh/ssh_host_ed25519_key.
[   24.899312] cloud-init[667]: Your public key has been saved in /etc/ssh/ssh_host_ed25519_key.pub.
         [   24.907619] cloud-init[667]: The key fingerprint is:
Starting Availability of block devices...[   24.908802] cloud-init[667]: SHA256:0lGx29jcJlyAV1e+C+yEcKCbXc1MLMXbDleNt35ZKGc root@ubuntu-bionic
[   24.909603] 
cloud-init[667]: The key's randomart image is:
[[   24.927765] cloud-init[0;32m  OK  [0m[667]: +--[ED25519 256]--+
[   24.929388] cloud-init[667]: |         .oo=+..=|
[   24.929544] cloud-init[667]: |        ..oo*+.o+|
[   24.930062] cloud-init[667]: |       ....+.++o+|
] Reached target System Initialization.
[   24.930369] cloud-init[667]: |       .+.+B+=E+o|
[[   24.952767] cloud-init[667]: |      .oS.o.*BB.o|
[   24.953128] cloud-init[667]: |       .    oo.+o|
[0;32m  OK  [0m] Started Daily Cleanup of Temporary Directories.
[   24.953896] cloud-init[667]: |             . ..|
[   24.991409] cloud-init[667]: |                 |
[   25.000723] cloud-init[667]: |                 |
[   25.002037] cloud-init[667]: +----[SHA256]-----+
[[0;32m  OK  [0m] Listening on ACPID Listen Socket.
[[0;32m  OK  [0m] Started Discard unused blocks once a week.
[[0;32m  OK  [0m] Listening on UUID daemon activation socket.
         Starting LXD - unix socket.
[[0;32m  OK  [0m] Listening on D-Bus System Message Bus Socket.
[[0;32m  OK  [0m] Started ACPI Events Check.
[[0;32m  OK  [0m] Reached target Paths.
         Starting Socket activation for snappy daemon.
[[0;32m  OK  [0m] Started Daily apt download activities.
[[0;32m  OK  [0m] Started Daily apt upgrade and clean activities.
[[0;32m  OK  [0m] Started Message of the Day.
[[0;32m  OK  [0m] Reached target Timers.
[[0;32m  OK  [0m] Listening on Open-iSCSI iscsid Socket.
[[0;32m  OK  [0m] Started Availability of block devices.
[[0;32m  OK  [0m] Listening on LXD - unix socket.
[[0;32m  OK  [0m] Listening on Socket activation for snappy daemon.
[[0;32m  OK  [0m] Reached target Sockets.
[[0;32m  OK  [0m] Reached target Basic System.
         Starting LSB: Record successful boot for GRUB...
         Starting Virtualbox guest utils...
         Starting Dispatcher daemon for systemd-networkd...
         Starting System Logging Service...
         Starting Accounts Service...
[[0;32m  OK  [0m] Started FUSE filesystem for LXC.
[[0;32m  OK  [0m] Started Regular background program processing daemon.
         Starting Login Service...
[[0;32m  OK  [0m] Started D-Bus System Message Bus.
[[0;32m  OK  [0m] Started Login Service.
[[0;32m  OK  [0m] Started Unattended Upgrades Shutdown.
[[0;32m  OK  [0m] Started irqbalance daemon.
[[0;32m  OK  [0m] Started Deferred execution scheduler.
         Starting LSB: automatic crash report generation...
         Starting LXD - container startup/shutdown...
         Starting Pollinate to seed the pseudo random number generator...
         Starting Permit User Sessions...
         Starting Snappy daemon...
[[0;32m  OK  [0m] Started System Logging Service.
[[0;32m  OK  [0m] Started Permit User Sessions.
         Starting Authorization Manager...
         Starting Hold until boot process finishes up...
         Starting Terminate Plymouth Boot Screen...
[[0;32m  OK  [0m] Started Hold until boot process finishes up.
[[0;32m  OK  [0m] Started Terminate Plymouth Boot Screen.
[[0;32m  OK  [0m] Started Serial Getty on ttyS0.
         Starting Set console scheme...
[[0;32m  OK  [0m] Started Set console scheme.
[[0;32m  OK  [0m] Started LSB: automatic crash report generation.
[[0;32m  OK  [0m] Started LSB: Record successful boot for GRUB.
[[0;32m  OK  [0m] Created slice system-getty.slice.
[[0;32m  OK  [0m] Started Getty on tty1.
[[0;32m  OK  [0m] Reached target Login Prompts.
[[0;32m  OK  [0m] Started Authorization Manager.
[[0;32m  OK  [0m] Started Accounts Service.
[[0;32m  OK  [0m] Started Dispatcher daemon for systemd-networkd.
[[0;32m  OK  [0m] Started Virtualbox guest utils.
[[0;32m  OK  [0m] Started LXD - container startup/shutdown.
[[0;32m  OK  [0m] Started Snappy daemon.
         Starting Wait until snapd is fully seeded...

Ubuntu 18.04.4 LTS ubuntu-bionic ttyS0

ubuntu-bionic login: [   39.770559] cloud-init[1563]: Cloud-init v. 19.4-33-gbb4131a2-0ubuntu1~18.04.1 running 'modules:config' at Wed, 17 Jun 2020 10:24:48 +0000. Up 38.28 seconds.
ci-info: no authorized SSH keys fingerprints found for user ubuntu.
<14>Jun 17 10:24:51 ec2: 
<14>Jun 17 10:24:51 ec2: #############################################################
<14>Jun 17 10:24:51 ec2: -----BEGIN SSH HOST KEY FINGERPRINTS-----
<14>Jun 17 10:24:51 ec2: 1024 SHA256:7an2oSV1cCpJM3JeJK2I3ZB2u4OzDviKFgN7Owqzi9c root@ubuntu-bionic (DSA)
<14>Jun 17 10:24:51 ec2: 256 SHA256:dCEODbqjh/B3nUS67mqgi+T0HSFJBmKxGEg+i1pzQrs root@ubuntu-bionic (ECDSA)
<14>Jun 17 10:24:51 ec2: 256 SHA256:0lGx29jcJlyAV1e+C+yEcKCbXc1MLMXbDleNt35ZKGc root@ubuntu-bionic (ED25519)
<14>Jun 17 10:24:51 ec2: 2048 SHA256:WB28pJcpx0aa7ZvXVQxNo/Akkn1k7jpONOO2t/y5dNY root@ubuntu-bionic (RSA)
<14>Jun 17 10:24:51 ec2: -----END SSH HOST KEY FINGERPRINTS-----
<14>Jun 17 10:24:51 ec2: #############################################################
-----BEGIN SSH HOST KEY KEYS-----
ecdsa-sha2-nistp256 AAAAE2VjZHNhLXNoYTItbmlzdHAyNTYAAAAIbmlzdHAyNTYAAABBBBuOs8f112CpLvuewljewDPciVBJOcyBDATgzH04Q9vPDdnBRvZIT2ryG9L5HnfWjL99d/9PwTgK/+rjMI8ZbIQ= root@ubuntu-bionic
ssh-ed25519 AAAAC3NzaC1lZDI1NTE5AAAAIPau/yrFaQvjVuzec8emC4O6az+UodGULvVF8X4Gcfvs root@ubuntu-bionic
ssh-rsa AAAAB3NzaC1yc2EAAAADAQABAAABAQCyS74HHwkMOg+eaR+ZqK+bYaEN0zdqaUrUi6sKK2uCeJq9hQSIoprHsyVkyOmjH+lVl3PZclETpzZ8tXJVn/TNzNNB3rA/vf0daIogr1p4FIACq1OkTC+sM48aOlQHgDNT8geLZvpI4uyAO88xFl/vGlorOd4AUMUJJO5FbI9lg7VoMOR1XWtzOfl4p4LQkZgKCUbhfaoRpog89HKrMn12zL695BnCFW4ZYRTmHvjEBIyFCdoPV2nPk8tp4PkwWmg7XKRTFl/9TN8vMp1xP8JyAwYNpNpVWmR16Ib04yVu19dJAfvgtofMA8GGhxHTpWF7skw+3+lF+R4rhY4nEg4V root@ubuntu-bionic
-----END SSH HOST KEY KEYS-----
[   40.613404] cloud-init[1737]: Cloud-init v. 19.4-33-gbb4131a2-0ubuntu1~18.04.1 running 'modules:final' at Wed, 17 Jun 2020 10:24:50 +0000. Up 40.38 seconds.
[   40.613502] cloud-init[1737]: ci-info: no authorized SSH keys fingerprints found for user ubuntu.
[   40.613549] cloud-init[1737]: Cloud-init v. 19.4-33-gbb4131a2-0ubuntu1~18.04.1 finished at Wed, 17 Jun 2020 10:24:51 +0000. Datasource DataSourceNoCloud [seed=/dev/sdb][dsmode=net].  Up 40.60 seconds
